<?xml version="1.0" encoding="UTF-8"?>
<!-- Generated by org.testng.reporters.JUnitReportReporter -->
<testsuite hostname="LAPTOP-U0L7NR89" failures="0" tests="1" name="com.todos.tests.AddTodoTest" time="10.001" errors="0" timestamp="17 Dec 2020 23:02:16 GMT">
  <testcase classname="com.todos.tests.AddTodoTest" name="iCanAddTodo" time="10.001"/>
</testsuite> <!-- com.todos.tests.AddTodoTest -->
